{"C:/Users/Paulo/Desktop/programacao/summary-video/src/components/Main/index.tsx": {"path":"C:/Users/Paulo/Desktop/programacao/summary-video/src/components/Main/index.tsx","statementMap":{"0":{"start":{"line":10,"column":15},"end":{"line":10,"column":null}},"1":{"start":{"line":13,"column":23},"end":{"line":15,"column":null}},"2":{"start":{"line":17,"column":2},"end":{"line":19,"column":null}},"3":{"start":{"line":18,"column":4},"end":{"line":18,"column":null}},"4":{"start":{"line":21,"column":2},"end":{"line":21,"column":null}},"5":{"start":{"line":24,"column":14},"end":{"line":172,"column":null}},"6":{"start":{"line":26,"column":4},"end":{"line":26,"column":null}},"7":{"start":{"line":27,"column":38},"end":{"line":27,"column":null}},"8":{"start":{"line":28,"column":46},"end":{"line":28,"column":null}},"9":{"start":{"line":29,"column":36},"end":{"line":29,"column":null}},"10":{"start":{"line":30,"column":32},"end":{"line":30,"column":null}},"11":{"start":{"line":31,"column":30},"end":{"line":31,"column":null}},"12":{"start":{"line":33,"column":29},"end":{"line":47,"column":null}},"13":{"start":{"line":35,"column":4},"end":{"line":46,"column":null}},"14":{"start":{"line":36,"column":6},"end":{"line":36,"column":null}},"15":{"start":{"line":37,"column":6},"end":{"line":37,"column":null}},"16":{"start":{"line":38,"column":6},"end":{"line":38,"column":null}},"17":{"start":{"line":40,"column":6},"end":{"line":40,"column":null}},"18":{"start":{"line":42,"column":6},"end":{"line":42,"column":null}},"19":{"start":{"line":43,"column":6},"end":{"line":43,"column":null}},"20":{"start":{"line":45,"column":6},"end":{"line":45,"column":null}},"21":{"start":{"line":49,"column":39},"end":{"line":63,"column":null}},"22":{"start":{"line":50,"column":4},"end":{"line":61,"column":null}},"23":{"start":{"line":51,"column":6},"end":{"line":53,"column":null}},"24":{"start":{"line":55,"column":19},"end":{"line":55,"column":null}},"25":{"start":{"line":57,"column":6},"end":{"line":57,"column":null}},"26":{"start":{"line":62,"column":4},"end":{"line":62,"column":null}},"27":{"start":{"line":65,"column":32},"end":{"line":89,"column":null}},"28":{"start":{"line":66,"column":20},"end":{"line":80,"column":null}},"29":{"start":{"line":82,"column":4},"end":{"line":88,"column":null}},"30":{"start":{"line":83,"column":23},"end":{"line":83,"column":null}},"31":{"start":{"line":85,"column":6},"end":{"line":85,"column":null}},"32":{"start":{"line":87,"column":6},"end":{"line":87,"column":null}},"33":{"start":{"line":91,"column":28},"end":{"line":93,"column":null}},"34":{"start":{"line":92,"column":4},"end":{"line":92,"column":null}},"35":{"start":{"line":95,"column":15},"end":{"line":98,"column":null}},"36":{"start":{"line":100,"column":2},"end":{"line":170,"column":null}},"37":{"start":{"line":160,"column":30},"end":{"line":160,"column":null}}},"fnMap":{"0":{"name":"getYouTubeVideoId","decl":{"start":{"line":12,"column":16},"end":{"line":12,"column":34}},"loc":{"start":{"line":12,"column":47},"end":{"line":22,"column":null}}},"1":{"name":"(anonymous_1)","decl":{"start":{"line":24,"column":14},"end":{"line":24,"column":20}},"loc":{"start":{"line":24,"column":20},"end":{"line":172,"column":null}}},"2":{"name":"(anonymous_2)","decl":{"start":{"line":33,"column":29},"end":{"line":33,"column":35}},"loc":{"start":{"line":33,"column":35},"end":{"line":47,"column":null}}},"3":{"name":"(anonymous_3)","decl":{"start":{"line":49,"column":39},"end":{"line":49,"column":51}},"loc":{"start":{"line":49,"column":51},"end":{"line":63,"column":null}}},"4":{"name":"(anonymous_4)","decl":{"start":{"line":65,"column":32},"end":{"line":65,"column":39}},"loc":{"start":{"line":65,"column":58},"end":{"line":89,"column":null}}},"5":{"name":"(anonymous_5)","decl":{"start":{"line":91,"column":28},"end":{"line":91,"column":29}},"loc":{"start":{"line":91,"column":70},"end":{"line":93,"column":null}}},"6":{"name":"(anonymous_6)","decl":{"start":{"line":160,"column":24},"end":{"line":160,"column":30}},"loc":{"start":{"line":160,"column":30},"end":{"line":160,"column":null}}}},"branchMap":{"0":{"loc":{"start":{"line":17,"column":2},"end":{"line":19,"column":null}},"type":"if","locations":[{"start":{"line":17,"column":2},"end":{"line":19,"column":null}},{"start":{"line":17,"column":2},"end":{"line":19,"column":null}}]},"1":{"loc":{"start":{"line":17,"column":6},"end":{"line":17,"column":39}},"type":"binary-expr","locations":[{"start":{"line":17,"column":6},"end":{"line":17,"column":22}},{"start":{"line":17,"column":22},"end":{"line":17,"column":39}}]},"2":{"loc":{"start":{"line":35,"column":4},"end":{"line":46,"column":null}},"type":"if","locations":[{"start":{"line":35,"column":4},"end":{"line":46,"column":null}},{"start":{"line":41,"column":11},"end":{"line":46,"column":null}}]},"3":{"loc":{"start":{"line":50,"column":4},"end":{"line":61,"column":null}},"type":"if","locations":[{"start":{"line":50,"column":4},"end":{"line":61,"column":null}},{"start":{"line":50,"column":4},"end":{"line":61,"column":null}}]},"4":{"loc":{"start":{"line":107,"column":14},"end":{"line":109,"column":null}},"type":"cond-expr","locations":[{"start":{"line":108,"column":18},"end":{"line":108,"column":null}},{"start":{"line":109,"column":18},"end":{"line":109,"column":null}}]},"5":{"loc":{"start":{"line":107,"column":14},"end":{"line":107,"column":null}},"type":"binary-expr","locations":[{"start":{"line":107,"column":14},"end":{"line":107,"column":28}},{"start":{"line":107,"column":28},"end":{"line":107,"column":null}}]},"6":{"loc":{"start":{"line":112,"column":13},"end":{"line":119,"column":null}},"type":"cond-expr","locations":[{"start":{"line":113,"column":14},"end":{"line":118,"column":null}},{"start":{"line":119,"column":16},"end":{"line":119,"column":null}}]},"7":{"loc":{"start":{"line":112,"column":13},"end":{"line":112,"column":null}},"type":"binary-expr","locations":[{"start":{"line":112,"column":13},"end":{"line":112,"column":27}},{"start":{"line":112,"column":27},"end":{"line":112,"column":null}}]},"8":{"loc":{"start":{"line":126,"column":14},"end":{"line":126,"column":null}},"type":"cond-expr","locations":[{"start":{"line":126,"column":34},"end":{"line":126,"column":45}},{"start":{"line":126,"column":45},"end":{"line":126,"column":null}}]},"9":{"loc":{"start":{"line":133,"column":18},"end":{"line":133,"column":null}},"type":"cond-expr","locations":[{"start":{"line":133,"column":28},"end":{"line":133,"column":47}},{"start":{"line":133,"column":47},"end":{"line":133,"column":null}}]},"10":{"loc":{"start":{"line":146,"column":13},"end":{"line":155,"column":null}},"type":"binary-expr","locations":[{"start":{"line":146,"column":13},"end":{"line":146,"column":null}},{"start":{"line":147,"column":14},"end":{"line":155,"column":null}}]},"11":{"loc":{"start":{"line":157,"column":13},"end":{"line":166,"column":null}},"type":"cond-expr","locations":[{"start":{"line":158,"column":14},"end":{"line":165,"column":null}},{"start":{"line":166,"column":16},"end":{"line":166,"column":null}}]},"12":{"loc":{"start":{"line":157,"column":13},"end":{"line":157,"column":null}},"type":"binary-expr","locations":[{"start":{"line":157,"column":13},"end":{"line":157,"column":27}},{"start":{"line":157,"column":27},"end":{"line":157,"column":null}}]}},"s":{"0":1,"1":0,"2":0,"3":0,"4":0,"5":1,"6":6,"7":6,"8":6,"9":6,"10":6,"11":6,"12":6,"13":1,"14":0,"15":0,"16":0,"17":0,"18":1,"19":1,"20":1,"21":6,"22":1,"23":0,"24":0,"25":0,"26":1,"27":6,"28":0,"29":0,"30":0,"31":0,"32":0,"33":6,"34":1,"35":6,"36":6,"37":0},"f":{"0":0,"1":6,"2":1,"3":1,"4":0,"5":1,"6":0},"b":{"0":[0,0],"1":[0,0],"2":[0,1],"3":[0,1],"4":[0,6],"5":[6,0],"6":[0,6],"7":[6,0],"8":[0,6],"9":[1,5],"10":[6,0],"11":[0,6],"12":[6,0]}}
,"C:/Users/Paulo/Desktop/programacao/summary-video/src/services/transcribe/index.js": {"path":"C:/Users/Paulo/Desktop/programacao/summary-video/src/services/transcribe/index.js","statementMap":{"0":{"start":{"line":4,"column":18},"end":{"line":10,"column":3}},"1":{"start":{"line":12,"column":2},"end":{"line":30,"column":3}},"2":{"start":{"line":13,"column":4},"end":{"line":13,"column":19}},"3":{"start":{"line":14,"column":4},"end":{"line":14,"column":38}},"4":{"start":{"line":16,"column":24},"end":{"line":19,"column":5}},"5":{"start":{"line":21,"column":17},"end":{"line":21,"column":65}},"6":{"start":{"line":23,"column":4},"end":{"line":23,"column":22}},"7":{"start":{"line":24,"column":4},"end":{"line":24,"column":37}},"8":{"start":{"line":26,"column":4},"end":{"line":26,"column":16}},"9":{"start":{"line":28,"column":4},"end":{"line":28,"column":43}},"10":{"start":{"line":29,"column":4},"end":{"line":29,"column":27}}},"fnMap":{"0":{"name":"transcribeAudio","decl":{"start":{"line":3,"column":22},"end":{"line":3,"column":37}},"loc":{"start":{"line":3,"column":40},"end":{"line":31,"column":1}}}},"branchMap":{},"s":{"0":0,"1":0,"2":0,"3":0,"4":0,"5":0,"6":0,"7":0,"8":0,"9":0,"10":0},"f":{"0":0},"b":{}}
}
